<?xml version="1.0" encoding="UTF-8"?>
<testng-results skipped="0" failed="0" ignored="0" total="1" passed="1">
  <reporter-output>
  </reporter-output>
  <suite name="Regression Test Suite" duration-ms="5312" started-at="2018-05-12T00:44:45Z" finished-at="2018-05-12T00:44:50Z">
    <groups>
    </groups>
    <test name="Regression Tests" duration-ms="5312" started-at="2018-05-12T00:44:45Z" finished-at="2018-05-12T00:44:50Z">
      <class name="com.testsuite_regression.TestCase_Login">
        <test-method status="PASS" signature="init()[pri:0, instance:com.testsuite_regression.TestCase_Login@3fd7a715]" name="init" is-config="true" duration-ms="8048" started-at="2018-05-11T20:44:37Z" finished-at="2018-05-11T20:44:45Z">
          <reporter-output>
          </reporter-output>
        </test-method> <!-- init -->
        <test-method status="PASS" signature="Logintest()[pri:0, instance:com.testsuite_regression.TestCase_Login@3fd7a715]" name="Logintest" duration-ms="5278" started-at="2018-05-11T20:44:45Z" finished-at="2018-05-11T20:44:50Z">
          <reporter-output>
          </reporter-output>
        </test-method> <!-- Logintest -->
        <test-method status="PASS" signature="tearDown()[pri:0, instance:com.testsuite_regression.TestCase_Login@3fd7a715]" name="tearDown" is-config="true" duration-ms="678" started-at="2018-05-11T20:44:50Z" finished-at="2018-05-11T20:44:51Z">
          <reporter-output>
          </reporter-output>
        </test-method> <!-- tearDown -->
      </class> <!-- com.testsuite_regression.TestCase_Login -->
    </test> <!-- Regression Tests -->
  </suite> <!-- Regression Test Suite -->
</testng-results>
